2025-11-23 01:47:23.765429 - User: AnonymousUser -Path: /api/docs/
2025-11-23 01:47:23.938080 - User: AnonymousUser -Path: /api/schema/
2025-11-23 01:48:02.724566 - User: AnonymousUser -Path: /api/token/
2025-11-23 01:48:42.901983 - User: AnonymousUser -Path: /api/conversations/
2025-11-23 01:48:56.206459 - User: AnonymousUser -Path: /api/conversations/
2025-11-23 01:55:36.662076 - User: AnonymousUser -Path: /api/docs/
2025-11-23 01:55:36.810257 - User: AnonymousUser -Path: /api/schema/
2025-11-23 01:56:00.090682 - User: AnonymousUser -Path: /api/token/
2025-11-23 01:56:30.506404 - User: Daniel -Path: /api/conversations/
2025-11-23 01:56:36.419180 - User: Daniel -Path: /api/conversations/
2025-11-23 01:56:37.156919 - User: Daniel -Path: /api/conversations/
2025-11-23 02:15:06.034681 - User: AnonymousUser -Path: /api/docs/
2025-11-23 02:15:16.575452 - User: AnonymousUser -Path: /api/docs/
2025-11-23 02:16:39.253685 - User: AnonymousUser -Path: /api/docs/
2025-11-23 02:15:25.553245 - User: AnonymousUser -Path: /api/docs/
2025-11-23 02:15:26.130170 - User: AnonymousUser -Path: /api/docs/
2025-11-23 02:15:26.538659 - User: AnonymousUser -Path: /api/docs/
2025-11-23 02:15:26.869986 - User: AnonymousUser -Path: /api/docs/
2025-11-23 02:15:27.160321 - User: AnonymousUser -Path: /api/docs/
2025-11-23 02:15:27.457104 - User: AnonymousUser -Path: /api/docs/
2025-11-23 02:15:27.735575 - User: AnonymousUser -Path: /api/docs/
2025-11-23 02:15:27.948059 - User: AnonymousUser -Path: /api/docs/
2025-11-23 02:15:29.735689 - User: AnonymousUser -Path: /api/docs/
2025-11-23 02:15:32.646491 - User: AnonymousUser -Path: /api/docs/
2025-11-23 02:15:32.662035 - User: AnonymousUser -Path: /favicon.ico
2025-11-23 02:15:33.085691 - User: AnonymousUser -Path: /api/docs/
2025-11-23 02:15:33.102098 - User: AnonymousUser -Path: /favicon.ico
2025-11-23 02:15:33.349740 - User: AnonymousUser -Path: /api/docs/
2025-11-23 02:15:33.366289 - User: AnonymousUser -Path: /favicon.ico
2025-11-23 02:15:33.554410 - User: AnonymousUser -Path: /api/docs/
2025-11-23 02:15:33.570032 - User: AnonymousUser -Path: /favicon.ico
2025-11-23 02:15:33.748268 - User: AnonymousUser -Path: /api/docs/
2025-11-23 02:15:33.763900 - User: AnonymousUser -Path: /favicon.ico
2025-11-23 02:15:33.919039 - User: AnonymousUser -Path: /api/docs/
2025-11-23 02:15:33.935860 - User: AnonymousUser -Path: /favicon.ico
2025-11-23 02:15:34.061302 - User: AnonymousUser -Path: /api/docs/
2025-11-23 02:15:34.079684 - User: AnonymousUser -Path: /favicon.ico
